{"/Users/aleksejmakovej/Desktop/test-task/pokemon-viewer/src/components/pokemon-image/pokemon-image.tsx": {"path":"/Users/aleksejmakovej/Desktop/test-task/pokemon-viewer/src/components/pokemon-image/pokemon-image.tsx","statementMap":{"0":{"start":{"line":2,"column":0},"end":{"line":2,"column":44}},"1":{"start":{"line":4,"column":28},"end":{"line":24,"column":1}},"2":{"start":{"line":5,"column":2},"end":{"line":5,"column":28}},"3":{"start":{"line":5,"column":16},"end":{"line":5,"column":28}},"4":{"start":{"line":7,"column":2},"end":{"line":23,"column":4}},"5":{"start":{"line":4,"column":13},"end":{"line":4,"column":28}}},"fnMap":{"0":{"name":"(anonymous_0)","decl":{"start":{"line":4,"column":28},"end":{"line":4,"column":29}},"loc":{"start":{"line":4,"column":67},"end":{"line":24,"column":1}}}},"branchMap":{"0":{"loc":{"start":{"line":5,"column":2},"end":{"line":5,"column":28}},"type":"if","locations":[{"start":{"line":5,"column":2},"end":{"line":5,"column":28}}]},"1":{"loc":{"start":{"line":11,"column":8},"end":{"line":17,"column":61}},"type":"binary-expr","locations":[{"start":{"line":11,"column":8},"end":{"line":16,"column":44}},{"start":{"line":17,"column":8},"end":{"line":17,"column":61}}]}},"s":{"0":4,"1":4,"2":38,"3":31,"4":7,"5":4},"f":{"0":38},"b":{"0":[31],"1":[7,1]}}
,"/Users/aleksejmakovej/Desktop/test-task/pokemon-viewer/src/components/single-pokemon/pokemon-description/pokemon-description.tsx": {"path":"/Users/aleksejmakovej/Desktop/test-task/pokemon-viewer/src/components/single-pokemon/pokemon-description/pokemon-description.tsx","statementMap":{"0":{"start":{"line":1,"column":0},"end":{"line":1,"column":55}},"1":{"start":{"line":3,"column":0},"end":{"line":3,"column":59}},"2":{"start":{"line":4,"column":0},"end":{"line":4,"column":59}},"3":{"start":{"line":5,"column":0},"end":{"line":5,"column":47}},"4":{"start":{"line":7,"column":34},"end":{"line":40,"column":1}},"5":{"start":{"line":8,"column":16},"end":{"line":8,"column":32}},"6":{"start":{"line":11,"column":2},"end":{"line":11,"column":28}},"7":{"start":{"line":11,"column":16},"end":{"line":11,"column":28}},"8":{"start":{"line":13,"column":2},"end":{"line":39,"column":4}},"9":{"start":{"line":7,"column":13},"end":{"line":7,"column":34}}},"fnMap":{"0":{"name":"(anonymous_0)","decl":{"start":{"line":7,"column":34},"end":{"line":7,"column":35}},"loc":{"start":{"line":7,"column":73},"end":{"line":40,"column":1}}}},"branchMap":{"0":{"loc":{"start":{"line":11,"column":2},"end":{"line":11,"column":28}},"type":"if","locations":[{"start":{"line":11,"column":2},"end":{"line":11,"column":28}}]}},"s":{"0":3,"1":3,"2":3,"3":3,"4":3,"5":7,"6":7,"7":1,"8":6,"9":3},"f":{"0":7},"b":{"0":[1]}}
,"/Users/aleksejmakovej/Desktop/test-task/pokemon-viewer/src/components/single-pokemon/pokemon-evolutions/pokemon-evolutions.tsx": {"path":"/Users/aleksejmakovej/Desktop/test-task/pokemon-viewer/src/components/single-pokemon/pokemon-evolutions/pokemon-evolutions.tsx","statementMap":{"0":{"start":{"line":1,"column":0},"end":{"line":1,"column":71}},"1":{"start":{"line":2,"column":0},"end":{"line":2,"column":72}},"2":{"start":{"line":3,"column":0},"end":{"line":3,"column":74}},"3":{"start":{"line":5,"column":0},"end":{"line":5,"column":59}},"4":{"start":{"line":6,"column":0},"end":{"line":6,"column":54}},"5":{"start":{"line":7,"column":0},"end":{"line":7,"column":47}},"6":{"start":{"line":9,"column":18},"end":{"line":42,"column":1}},"7":{"start":{"line":16,"column":19},"end":{"line":16,"column":32}},"8":{"start":{"line":17,"column":28},"end":{"line":19,"column":4}},"9":{"start":{"line":21,"column":2},"end":{"line":41,"column":4}},"10":{"start":{"line":24,"column":8},"end":{"line":24,"column":44}},"11":{"start":{"line":44,"column":33},"end":{"line":113,"column":1}},"12":{"start":{"line":49,"column":30},"end":{"line":49,"column":41}},"13":{"start":{"line":50,"column":16},"end":{"line":50,"column":32}},"14":{"start":{"line":52,"column":2},"end":{"line":58,"column":3}},"15":{"start":{"line":53,"column":4},"end":{"line":57,"column":6}},"16":{"start":{"line":60,"column":23},"end":{"line":60,"column":47}},"17":{"start":{"line":61,"column":24},"end":{"line":61,"column":63}},"18":{"start":{"line":66,"column":23},"end":{"line":66,"column":79}},"19":{"start":{"line":68,"column":25},"end":{"line":69,"column":null}},"20":{"start":{"line":72,"column":2},"end":{"line":112,"column":4}},"21":{"start":{"line":98,"column":14},"end":{"line":99,"column":null}},"22":{"start":{"line":44,"column":13},"end":{"line":44,"column":33}}},"fnMap":{"0":{"name":"(anonymous_0)","decl":{"start":{"line":9,"column":18},"end":{"line":9,"column":19}},"loc":{"start":{"line":15,"column":5},"end":{"line":42,"column":1}}},"1":{"name":"(anonymous_1)","decl":{"start":{"line":23,"column":15},"end":{"line":23,"column":18}},"loc":{"start":{"line":23,"column":20},"end":{"line":25,"column":7}}},"2":{"name":"(anonymous_2)","decl":{"start":{"line":44,"column":33},"end":{"line":44,"column":34}},"loc":{"start":{"line":48,"column":5},"end":{"line":113,"column":1}}},"3":{"name":"(anonymous_3)","decl":{"start":{"line":97,"column":32},"end":{"line":97,"column":33}},"loc":{"start":{"line":98,"column":14},"end":{"line":99,"column":null}}}},"branchMap":{"0":{"loc":{"start":{"line":17,"column":53},"end":{"line":17,"column":63}},"type":"binary-expr","locations":[{"start":{"line":17,"column":53},"end":{"line":17,"column":57}},{"start":{"line":17,"column":61},"end":{"line":17,"column":63}}]},"1":{"loc":{"start":{"line":32,"column":29},"end":{"line":32,"column":58}},"type":"cond-expr","locations":[{"start":{"line":32,"column":42},"end":{"line":32,"column":50}},{"start":{"line":32,"column":53},"end":{"line":32,"column":58}}]},"2":{"loc":{"start":{"line":52,"column":2},"end":{"line":58,"column":3}},"type":"if","locations":[{"start":{"line":52,"column":2},"end":{"line":58,"column":3}}]},"3":{"loc":{"start":{"line":87,"column":7},"end":{"line":109,"column":null}},"type":"cond-expr","locations":[{"start":{"line":88,"column":8},"end":{"line":104,"column":null}},{"start":{"line":107,"column":8},"end":{"line":108,"column":null}}]}},"s":{"0":2,"1":2,"2":2,"3":2,"4":2,"5":2,"6":2,"7":30,"8":30,"9":30,"10":0,"11":2,"12":6,"13":6,"14":6,"15":1,"16":5,"17":5,"18":5,"19":5,"20":5,"21":15,"22":2},"f":{"0":30,"1":0,"2":6,"3":15},"b":{"0":[30,0],"1":[10,20],"2":[1],"3":[5,0]}}
,"/Users/aleksejmakovej/Desktop/test-task/pokemon-viewer/src/components/single-pokemon/pokemon-type/pokemon-type.tsx": {"path":"/Users/aleksejmakovej/Desktop/test-task/pokemon-viewer/src/components/single-pokemon/pokemon-type/pokemon-type.tsx","statementMap":{"0":{"start":{"line":1,"column":0},"end":{"line":1,"column":56}},"1":{"start":{"line":2,"column":0},"end":{"line":2,"column":68}},"2":{"start":{"line":4,"column":0},"end":{"line":4,"column":48}},"3":{"start":{"line":5,"column":0},"end":{"line":5,"column":47}},"4":{"start":{"line":7,"column":27},"end":{"line":60,"column":1}},"5":{"start":{"line":8,"column":16},"end":{"line":8,"column":32}},"6":{"start":{"line":9,"column":2},"end":{"line":9,"column":28}},"7":{"start":{"line":9,"column":16},"end":{"line":9,"column":28}},"8":{"start":{"line":11,"column":2},"end":{"line":59,"column":4}},"9":{"start":{"line":25,"column":8},"end":{"line":26,"column":null}},"10":{"start":{"line":46,"column":8},"end":{"line":47,"column":null}},"11":{"start":{"line":7,"column":13},"end":{"line":7,"column":27}}},"fnMap":{"0":{"name":"(anonymous_0)","decl":{"start":{"line":7,"column":27},"end":{"line":7,"column":28}},"loc":{"start":{"line":7,"column":66},"end":{"line":60,"column":1}}},"1":{"name":"(anonymous_1)","decl":{"start":{"line":24,"column":34},"end":{"line":24,"column":35}},"loc":{"start":{"line":25,"column":8},"end":{"line":26,"column":null}}},"2":{"name":"(anonymous_2)","decl":{"start":{"line":45,"column":37},"end":{"line":45,"column":38}},"loc":{"start":{"line":46,"column":8},"end":{"line":47,"column":null}}}},"branchMap":{"0":{"loc":{"start":{"line":9,"column":2},"end":{"line":9,"column":28}},"type":"if","locations":[{"start":{"line":9,"column":2},"end":{"line":9,"column":28}}]},"1":{"loc":{"start":{"line":20,"column":7},"end":{"line":21,"column":null}},"type":"binary-expr","locations":[{"start":{"line":20,"column":7},"end":{"line":20,"column":30}},{"start":{"line":21,"column":8},"end":{"line":21,"column":70}}]},"2":{"loc":{"start":{"line":24,"column":8},"end":{"line":24,"column":28}},"type":"binary-expr","locations":[{"start":{"line":24,"column":8},"end":{"line":24,"column":22}},{"start":{"line":24,"column":26},"end":{"line":24,"column":28}}]},"3":{"loc":{"start":{"line":29,"column":14},"end":{"line":31,"column":20}},"type":"binary-expr","locations":[{"start":{"line":29,"column":15},"end":{"line":29,"column":44}},{"start":{"line":30,"column":16},"end":{"line":30,"column":50}},{"start":{"line":31,"column":14},"end":{"line":31,"column":20}}]},"4":{"loc":{"start":{"line":37,"column":7},"end":{"line":38,"column":null}},"type":"binary-expr","locations":[{"start":{"line":37,"column":7},"end":{"line":37,"column":30}},{"start":{"line":38,"column":8},"end":{"line":38,"column":59}}]},"5":{"loc":{"start":{"line":41,"column":7},"end":{"line":42,"column":null}},"type":"binary-expr","locations":[{"start":{"line":41,"column":7},"end":{"line":41,"column":34}},{"start":{"line":42,"column":8},"end":{"line":42,"column":75}}]},"6":{"loc":{"start":{"line":45,"column":8},"end":{"line":45,"column":31}},"type":"binary-expr","locations":[{"start":{"line":45,"column":8},"end":{"line":45,"column":25}},{"start":{"line":45,"column":29},"end":{"line":45,"column":31}}]},"7":{"loc":{"start":{"line":50,"column":14},"end":{"line":50,"column":69}},"type":"binary-expr","locations":[{"start":{"line":50,"column":15},"end":{"line":50,"column":32}},{"start":{"line":50,"column":36},"end":{"line":50,"column":58}},{"start":{"line":50,"column":63},"end":{"line":50,"column":69}}]},"8":{"loc":{"start":{"line":55,"column":7},"end":{"line":56,"column":null}},"type":"binary-expr","locations":[{"start":{"line":55,"column":7},"end":{"line":55,"column":33}},{"start":{"line":56,"column":8},"end":{"line":56,"column":64}}]}},"s":{"0":2,"1":2,"2":2,"3":2,"4":2,"5":34,"6":34,"7":30,"8":4,"9":4,"10":4,"11":2},"f":{"0":34,"1":4,"2":4},"b":{"0":[30],"1":[4,4],"2":[4,0],"3":[4,3,1],"4":[4,0],"5":[4,4],"6":[4,0],"7":[4,4,0],"8":[4,0]}}
,"/Users/aleksejmakovej/Desktop/test-task/pokemon-viewer/src/components/single-pokemon/stat-chart/stat-chart.tsx": {"path":"/Users/aleksejmakovej/Desktop/test-task/pokemon-viewer/src/components/single-pokemon/stat-chart/stat-chart.tsx","statementMap":{"0":{"start":{"line":1,"column":0},"end":{"line":1,"column":72}},"1":{"start":{"line":4,"column":23},"end":{"line":14,"column":3}},"2":{"start":{"line":4,"column":47},"end":{"line":14,"column":2}},"3":{"start":{"line":16,"column":22},"end":{"line":77,"column":1}},"4":{"start":{"line":17,"column":19},"end":{"line":17,"column":41}},"5":{"start":{"line":18,"column":20},"end":{"line":18,"column":40}},"6":{"start":{"line":19,"column":18},"end":{"line":19,"column":21}},"7":{"start":{"line":21,"column":25},"end":{"line":21,"column":58}},"8":{"start":{"line":23,"column":2},"end":{"line":76,"column":4}},"9":{"start":{"line":78,"column":25},"end":{"line":89,"column":1}},"10":{"start":{"line":79,"column":2},"end":{"line":88,"column":4}},"11":{"start":{"line":78,"column":13},"end":{"line":78,"column":25}}},"fnMap":{"0":{"name":"(anonymous_0)","decl":{"start":{"line":4,"column":40},"end":{"line":4,"column":43}},"loc":{"start":{"line":4,"column":47},"end":{"line":14,"column":2}}},"1":{"name":"(anonymous_1)","decl":{"start":{"line":16,"column":22},"end":{"line":16,"column":23}},"loc":{"start":{"line":16,"column":72},"end":{"line":77,"column":1}}},"2":{"name":"(anonymous_2)","decl":{"start":{"line":78,"column":25},"end":{"line":78,"column":26}},"loc":{"start":{"line":78,"column":69},"end":{"line":89,"column":1}}}},"branchMap":{"0":{"loc":{"start":{"line":17,"column":19},"end":{"line":17,"column":41}},"type":"binary-expr","locations":[{"start":{"line":17,"column":19},"end":{"line":17,"column":35}},{"start":{"line":17,"column":39},"end":{"line":17,"column":41}}]},"1":{"loc":{"start":{"line":18,"column":20},"end":{"line":18,"column":40}},"type":"binary-expr","locations":[{"start":{"line":18,"column":20},"end":{"line":18,"column":35}},{"start":{"line":18,"column":39},"end":{"line":18,"column":40}}]},"2":{"loc":{"start":{"line":73,"column":9},"end":{"line":73,"column":39}},"type":"binary-expr","locations":[{"start":{"line":73,"column":9},"end":{"line":73,"column":32}},{"start":{"line":73,"column":36},"end":{"line":73,"column":39}}]}},"s":{"0":2,"1":2,"2":288,"3":2,"4":24,"5":24,"6":24,"7":24,"8":24,"9":2,"10":4,"11":2},"f":{"0":288,"1":24,"2":4},"b":{"0":[24,0],"1":[24,0],"2":[24,0]}}
,"/Users/aleksejmakovej/Desktop/test-task/pokemon-viewer/src/hooks/use-get-pokemon.tsx": {"path":"/Users/aleksejmakovej/Desktop/test-task/pokemon-viewer/src/hooks/use-get-pokemon.tsx","statementMap":{"0":{"start":{"line":1,"column":0},"end":{"line":1,"column":null}},"1":{"start":{"line":13,"column":0},"end":{"line":13,"column":53}},"2":{"start":{"line":15,"column":31},"end":{"line":21,"column":1}},"3":{"start":{"line":16,"column":2},"end":{"line":16,"column":23}},"4":{"start":{"line":16,"column":13},"end":{"line":16,"column":23}},"5":{"start":{"line":18,"column":2},"end":{"line":20,"column":4}},"6":{"start":{"line":19,"column":67},"end":{"line":19,"column":73}},"7":{"start":{"line":23,"column":29},"end":{"line":101,"column":1}},"8":{"start":{"line":24,"column":40},"end":{"line":24,"column":77}},"9":{"start":{"line":25,"column":34},"end":{"line":25,"column":56}},"10":{"start":{"line":26,"column":50},"end":{"line":28,"column":11}},"11":{"start":{"line":29,"column":36},"end":{"line":30,"column":null}},"12":{"start":{"line":37,"column":6},"end":{"line":39,"column":4}},"13":{"start":{"line":41,"column":25},"end":{"line":45,"column":null}},"14":{"start":{"line":48,"column":28},"end":{"line":52,"column":null}},"15":{"start":{"line":55,"column":27},"end":{"line":59,"column":19}},"16":{"start":{"line":56,"column":4},"end":{"line":58,"column":5}},"17":{"start":{"line":57,"column":6},"end":{"line":57,"column":80}},"18":{"start":{"line":61,"column":35},"end":{"line":65,"column":null}},"19":{"start":{"line":68,"column":2},"end":{"line":72,"column":16}},"20":{"start":{"line":69,"column":4},"end":{"line":71,"column":5}},"21":{"start":{"line":70,"column":6},"end":{"line":70,"column":36}},"22":{"start":{"line":74,"column":2},"end":{"line":78,"column":23}},"23":{"start":{"line":75,"column":4},"end":{"line":77,"column":5}},"24":{"start":{"line":76,"column":6},"end":{"line":76,"column":40}},"25":{"start":{"line":81,"column":23},"end":{"line":81,"column":74}},"26":{"start":{"line":81,"column":37},"end":{"line":81,"column":65}},"27":{"start":{"line":83,"column":2},"end":{"line":87,"column":16}},"28":{"start":{"line":84,"column":4},"end":{"line":86,"column":5}},"29":{"start":{"line":85,"column":6},"end":{"line":85,"column":30}},"30":{"start":{"line":89,"column":2},"end":{"line":93,"column":21}},"31":{"start":{"line":90,"column":4},"end":{"line":92,"column":5}},"32":{"start":{"line":91,"column":6},"end":{"line":91,"column":41}},"33":{"start":{"line":95,"column":2},"end":{"line":100,"column":4}},"34":{"start":{"line":23,"column":13},"end":{"line":23,"column":29}}},"fnMap":{"0":{"name":"(anonymous_0)","decl":{"start":{"line":15,"column":31},"end":{"line":15,"column":32}},"loc":{"start":{"line":15,"column":61},"end":{"line":21,"column":1}}},"1":{"name":"(anonymous_1)","decl":{"start":{"line":19,"column":60},"end":{"line":19,"column":61}},"loc":{"start":{"line":19,"column":67},"end":{"line":19,"column":73}}},"2":{"name":"(anonymous_2)","decl":{"start":{"line":23,"column":29},"end":{"line":23,"column":30}},"loc":{"start":{"line":23,"column":56},"end":{"line":101,"column":1}}},"3":{"name":"(anonymous_3)","decl":{"start":{"line":55,"column":35},"end":{"line":55,"column":38}},"loc":{"start":{"line":55,"column":40},"end":{"line":59,"column":3}}},"4":{"name":"(anonymous_4)","decl":{"start":{"line":68,"column":12},"end":{"line":68,"column":15}},"loc":{"start":{"line":68,"column":17},"end":{"line":72,"column":3}}},"5":{"name":"(anonymous_5)","decl":{"start":{"line":74,"column":12},"end":{"line":74,"column":15}},"loc":{"start":{"line":74,"column":17},"end":{"line":78,"column":3}}},"6":{"name":"(anonymous_6)","decl":{"start":{"line":81,"column":31},"end":{"line":81,"column":34}},"loc":{"start":{"line":81,"column":37},"end":{"line":81,"column":65}}},"7":{"name":"(anonymous_7)","decl":{"start":{"line":83,"column":12},"end":{"line":83,"column":15}},"loc":{"start":{"line":83,"column":17},"end":{"line":87,"column":3}}},"8":{"name":"(anonymous_8)","decl":{"start":{"line":89,"column":12},"end":{"line":89,"column":15}},"loc":{"start":{"line":89,"column":17},"end":{"line":93,"column":3}}}},"branchMap":{"0":{"loc":{"start":{"line":16,"column":2},"end":{"line":16,"column":23}},"type":"if","locations":[{"start":{"line":16,"column":2},"end":{"line":16,"column":23}}]},"1":{"loc":{"start":{"line":37,"column":31},"end":{"line":37,"column":41}},"type":"binary-expr","locations":[{"start":{"line":37,"column":31},"end":{"line":37,"column":35}},{"start":{"line":37,"column":39},"end":{"line":37,"column":41}}]},"2":{"loc":{"start":{"line":42,"column":4},"end":{"line":42,"column":50}},"type":"binary-expr","locations":[{"start":{"line":42,"column":4},"end":{"line":42,"column":44}},{"start":{"line":42,"column":48},"end":{"line":42,"column":50}}]},"3":{"loc":{"start":{"line":49,"column":4},"end":{"line":49,"column":46}},"type":"binary-expr","locations":[{"start":{"line":49,"column":4},"end":{"line":49,"column":40}},{"start":{"line":49,"column":44},"end":{"line":49,"column":46}}]},"4":{"loc":{"start":{"line":56,"column":4},"end":{"line":58,"column":5}},"type":"if","locations":[{"start":{"line":56,"column":4},"end":{"line":58,"column":5}}]},"5":{"loc":{"start":{"line":57,"column":13},"end":{"line":57,"column":79}},"type":"binary-expr","locations":[{"start":{"line":57,"column":13},"end":{"line":57,"column":69}},{"start":{"line":57,"column":73},"end":{"line":57,"column":79}}]},"6":{"loc":{"start":{"line":62,"column":4},"end":{"line":62,"column":26}},"type":"binary-expr","locations":[{"start":{"line":62,"column":4},"end":{"line":62,"column":20}},{"start":{"line":62,"column":24},"end":{"line":62,"column":26}}]},"7":{"loc":{"start":{"line":69,"column":4},"end":{"line":71,"column":5}},"type":"if","locations":[{"start":{"line":69,"column":4},"end":{"line":71,"column":5}}]},"8":{"loc":{"start":{"line":70,"column":17},"end":{"line":70,"column":34}},"type":"binary-expr","locations":[{"start":{"line":70,"column":17},"end":{"line":70,"column":24}},{"start":{"line":70,"column":28},"end":{"line":70,"column":34}}]},"9":{"loc":{"start":{"line":75,"column":4},"end":{"line":77,"column":5}},"type":"if","locations":[{"start":{"line":75,"column":4},"end":{"line":77,"column":5}}]},"10":{"loc":{"start":{"line":84,"column":4},"end":{"line":86,"column":5}},"type":"if","locations":[{"start":{"line":84,"column":4},"end":{"line":86,"column":5}}]},"11":{"loc":{"start":{"line":90,"column":4},"end":{"line":92,"column":5}},"type":"if","locations":[{"start":{"line":90,"column":4},"end":{"line":92,"column":5}}]},"12":{"loc":{"start":{"line":96,"column":10},"end":{"line":96,"column":64}},"type":"cond-expr","locations":[{"start":{"line":96,"column":24},"end":{"line":96,"column":52}},{"start":{"line":96,"column":55},"end":{"line":96,"column":64}}]}},"s":{"0":3,"1":3,"2":3,"3":5,"4":3,"5":2,"6":2,"7":3,"8":8,"9":8,"10":8,"11":8,"12":8,"13":8,"14":8,"15":8,"16":8,"17":3,"18":8,"19":8,"20":5,"21":3,"22":8,"23":5,"24":2,"25":8,"26":5,"27":8,"28":5,"29":3,"30":8,"31":5,"32":2,"33":8,"34":3},"f":{"0":5,"1":2,"2":8,"3":8,"4":5,"5":5,"6":5,"7":5,"8":5},"b":{"0":[3],"1":[8,0],"2":[8,2],"3":[8,2],"4":[3],"5":[3,0],"6":[8,5],"7":[3],"8":[3,0],"9":[2],"10":[3],"11":[2],"12":[3,5]}}
,"/Users/aleksejmakovej/Desktop/test-task/pokemon-viewer/src/pages/pokedex/pokedex.tsx": {"path":"/Users/aleksejmakovej/Desktop/test-task/pokemon-viewer/src/pages/pokedex/pokedex.tsx","statementMap":{"0":{"start":{"line":1,"column":0},"end":{"line":1,"column":null}},"1":{"start":{"line":14,"column":0},"end":{"line":14,"column":39}},"2":{"start":{"line":16,"column":0},"end":{"line":16,"column":47}},"3":{"start":{"line":17,"column":0},"end":{"line":17,"column":null}},"4":{"start":{"line":22,"column":0},"end":{"line":22,"column":33}},"5":{"start":{"line":24,"column":0},"end":{"line":24,"column":55}},"6":{"start":{"line":25,"column":0},"end":{"line":25,"column":43}},"7":{"start":{"line":26,"column":0},"end":{"line":26,"column":44}},"8":{"start":{"line":27,"column":0},"end":{"line":27,"column":72}},"9":{"start":{"line":29,"column":17},"end":{"line":39,"column":3}},"10":{"start":{"line":29,"column":47},"end":{"line":39,"column":2}},"11":{"start":{"line":41,"column":14},"end":{"line":41,"column":16}},"12":{"start":{"line":43,"column":27},"end":{"line":262,"column":1}},"13":{"start":{"line":44,"column":16},"end":{"line":44,"column":32}},"14":{"start":{"line":45,"column":40},"end":{"line":45,"column":51}},"15":{"start":{"line":49,"column":38},"end":{"line":49,"column":50}},"16":{"start":{"line":51,"column":22},"end":{"line":51,"column":41}},"17":{"start":{"line":60,"column":6},"end":{"line":65,"column":null}},"18":{"start":{"line":69,"column":4},"end":{"line":69,"column":64}},"19":{"start":{"line":71,"column":26},"end":{"line":71,"column":57}},"20":{"start":{"line":73,"column":2},"end":{"line":261,"column":4}},"21":{"start":{"line":125,"column":38},"end":{"line":125,"column":69}},"22":{"start":{"line":128,"column":18},"end":{"line":136,"column":null}},"23":{"start":{"line":130,"column":37},"end":{"line":130,"column":72}},"24":{"start":{"line":131,"column":22},"end":{"line":133,"column":23}},"25":{"start":{"line":132,"column":24},"end":{"line":132,"column":45}},"26":{"start":{"line":182,"column":25},"end":{"line":182,"column":42}},"27":{"start":{"line":184,"column":14},"end":{"line":213,"column":16}},"28":{"start":{"line":192,"column":47},"end":{"line":192,"column":68}},"29":{"start":{"line":255,"column":34},"end":{"line":255,"column":55}},"30":{"start":{"line":43,"column":13},"end":{"line":43,"column":27}}},"fnMap":{"0":{"name":"(anonymous_1)","decl":{"start":{"line":29,"column":31},"end":{"line":29,"column":32}},"loc":{"start":{"line":29,"column":47},"end":{"line":39,"column":2}}},"1":{"name":"(anonymous_2)","decl":{"start":{"line":43,"column":27},"end":{"line":43,"column":30}},"loc":{"start":{"line":43,"column":32},"end":{"line":262,"column":1}}},"2":{"name":"(anonymous_3)","decl":{"start":{"line":125,"column":26},"end":{"line":125,"column":27}},"loc":{"start":{"line":125,"column":38},"end":{"line":125,"column":69}}},"3":{"name":"(anonymous_4)","decl":{"start":{"line":127,"column":29},"end":{"line":127,"column":30}},"loc":{"start":{"line":128,"column":18},"end":{"line":136,"column":null}}},"4":{"name":"(anonymous_5)","decl":{"start":{"line":129,"column":31},"end":{"line":129,"column":32}},"loc":{"start":{"line":129,"column":37},"end":{"line":134,"column":21}}},"5":{"name":"(anonymous_6)","decl":{"start":{"line":177,"column":38},"end":{"line":177,"column":39}},"loc":{"start":{"line":177,"column":56},"end":{"line":214,"column":13}}},"6":{"name":"(anonymous_7)","decl":{"start":{"line":192,"column":41},"end":{"line":192,"column":44}},"loc":{"start":{"line":192,"column":47},"end":{"line":192,"column":68}}},"7":{"name":"(anonymous_8)","decl":{"start":{"line":255,"column":20},"end":{"line":255,"column":21}},"loc":{"start":{"line":255,"column":34},"end":{"line":255,"column":55}}}},"branchMap":{"0":{"loc":{"start":{"line":125,"column":52},"end":{"line":125,"column":68}},"type":"binary-expr","locations":[{"start":{"line":125,"column":52},"end":{"line":125,"column":62}},{"start":{"line":125,"column":66},"end":{"line":125,"column":68}}]},"1":{"loc":{"start":{"line":131,"column":22},"end":{"line":133,"column":23}},"type":"if","locations":[{"start":{"line":131,"column":22},"end":{"line":133,"column":23}}]},"2":{"loc":{"start":{"line":131,"column":26},"end":{"line":131,"column":73}},"type":"binary-expr","locations":[{"start":{"line":131,"column":26},"end":{"line":131,"column":64}},{"start":{"line":131,"column":68},"end":{"line":131,"column":73}}]},"3":{"loc":{"start":{"line":166,"column":11},"end":{"line":169,"column":null}},"type":"binary-expr","locations":[{"start":{"line":166,"column":11},"end":{"line":166,"column":16}},{"start":{"line":167,"column":12},"end":{"line":168,"column":null}}]},"4":{"loc":{"start":{"line":172,"column":11},"end":{"line":174,"column":18}},"type":"cond-expr","locations":[{"start":{"line":173,"column":12},"end":{"line":173,"column":70}},{"start":{"line":174,"column":14},"end":{"line":174,"column":18}}]},"5":{"loc":{"start":{"line":172,"column":11},"end":{"line":172,"column":44}},"type":"binary-expr","locations":[{"start":{"line":172,"column":11},"end":{"line":172,"column":24}},{"start":{"line":172,"column":28},"end":{"line":172,"column":44}}]},"6":{"loc":{"start":{"line":176,"column":11},"end":{"line":214,"column":14}},"type":"binary-expr","locations":[{"start":{"line":176,"column":11},"end":{"line":176,"column":23}},{"start":{"line":177,"column":12},"end":{"line":214,"column":14}}]},"7":{"loc":{"start":{"line":177,"column":13},"end":{"line":177,"column":32}},"type":"binary-expr","locations":[{"start":{"line":177,"column":13},"end":{"line":177,"column":26}},{"start":{"line":177,"column":30},"end":{"line":177,"column":32}}]},"8":{"loc":{"start":{"line":221,"column":11},"end":{"line":237,"column":null}},"type":"binary-expr","locations":[{"start":{"line":221,"column":11},"end":{"line":221,"column":22}},{"start":{"line":221,"column":26},"end":{"line":221,"column":43}},{"start":{"line":221,"column":47},"end":{"line":221,"column":58}},{"start":{"line":222,"column":12},"end":{"line":236,"column":null}}]},"9":{"loc":{"start":{"line":252,"column":17},"end":{"line":252,"column":60}},"type":"binary-expr","locations":[{"start":{"line":252,"column":17},"end":{"line":252,"column":55}},{"start":{"line":252,"column":59},"end":{"line":252,"column":60}}]},"10":{"loc":{"start":{"line":252,"column":29},"end":{"line":252,"column":45}},"type":"binary-expr","locations":[{"start":{"line":252,"column":29},"end":{"line":252,"column":40}},{"start":{"line":252,"column":44},"end":{"line":252,"column":45}}]},"11":{"loc":{"start":{"line":253,"column":20},"end":{"line":253,"column":42}},"type":"binary-expr","locations":[{"start":{"line":253,"column":20},"end":{"line":253,"column":31}},{"start":{"line":253,"column":35},"end":{"line":253,"column":42}}]}},"s":{"0":1,"1":1,"2":1,"3":1,"4":1,"5":1,"6":1,"7":1,"8":1,"9":1,"10":6,"11":1,"12":1,"13":6,"14":6,"15":6,"16":6,"17":6,"18":6,"19":6,"20":6,"21":0,"22":13,"23":1,"24":1,"25":0,"26":6,"27":6,"28":0,"29":1,"30":1},"f":{"0":6,"1":6,"2":0,"3":13,"4":1,"5":6,"6":0,"7":1},"b":{"0":[0,0],"1":[0],"2":[1,1],"3":[6,1],"4":[3,3],"5":[6,5],"6":[6,6],"7":[6,3],"8":[6,0,0,0],"9":[6,4],"10":[6,3],"11":[6,6]}}
,"/Users/aleksejmakovej/Desktop/test-task/pokemon-viewer/src/pages/single-pokemon/single-pokemon.tsx": {"path":"/Users/aleksejmakovej/Desktop/test-task/pokemon-viewer/src/pages/single-pokemon/single-pokemon.tsx","statementMap":{"0":{"start":{"line":1,"column":0},"end":{"line":1,"column":38}},"1":{"start":{"line":2,"column":0},"end":{"line":2,"column":105}},"2":{"start":{"line":3,"column":0},"end":{"line":3,"column":84}},"3":{"start":{"line":4,"column":0},"end":{"line":4,"column":72}},"4":{"start":{"line":5,"column":0},"end":{"line":5,"column":78}},"5":{"start":{"line":6,"column":0},"end":{"line":6,"column":56}},"6":{"start":{"line":7,"column":0},"end":{"line":7,"column":48}},"7":{"start":{"line":8,"column":0},"end":{"line":8,"column":47}},"8":{"start":{"line":9,"column":0},"end":{"line":9,"column":41}},"9":{"start":{"line":10,"column":0},"end":{"line":10,"column":102}},"10":{"start":{"line":13,"column":27},"end":{"line":17,"column":1}},"11":{"start":{"line":16,"column":2},"end":{"line":16,"column":32}},"12":{"start":{"line":13,"column":13},"end":{"line":13,"column":27}},"13":{"start":{"line":19,"column":33},"end":{"line":67,"column":1}},"14":{"start":{"line":20,"column":16},"end":{"line":20,"column":32}},"15":{"start":{"line":23,"column":23},"end":{"line":23,"column":34}},"16":{"start":{"line":25,"column":46},"end":{"line":25,"column":65}},"17":{"start":{"line":27,"column":2},"end":{"line":29,"column":3}},"18":{"start":{"line":28,"column":4},"end":{"line":28,"column":78}},"19":{"start":{"line":31,"column":2},"end":{"line":33,"column":3}},"20":{"start":{"line":32,"column":4},"end":{"line":32,"column":79}},"21":{"start":{"line":34,"column":2},"end":{"line":66,"column":4}},"22":{"start":{"line":19,"column":13},"end":{"line":19,"column":33}}},"fnMap":{"0":{"name":"(anonymous_0)","decl":{"start":{"line":13,"column":27},"end":{"line":13,"column":null}},"loc":{"start":{"line":15,"column":41},"end":{"line":17,"column":1}}},"1":{"name":"(anonymous_1)","decl":{"start":{"line":19,"column":33},"end":{"line":19,"column":36}},"loc":{"start":{"line":19,"column":38},"end":{"line":67,"column":1}}}},"branchMap":{"0":{"loc":{"start":{"line":27,"column":2},"end":{"line":29,"column":3}},"type":"if","locations":[{"start":{"line":27,"column":2},"end":{"line":29,"column":3}}]},"1":{"loc":{"start":{"line":27,"column":6},"end":{"line":27,"column":27}},"type":"binary-expr","locations":[{"start":{"line":27,"column":6},"end":{"line":27,"column":14}},{"start":{"line":27,"column":18},"end":{"line":27,"column":27}}]},"2":{"loc":{"start":{"line":31,"column":2},"end":{"line":33,"column":3}},"type":"if","locations":[{"start":{"line":31,"column":2},"end":{"line":33,"column":3}}]}},"s":{"0":2,"1":2,"2":2,"3":2,"4":2,"5":2,"6":2,"7":2,"8":2,"9":2,"10":2,"11":8,"12":2,"13":2,"14":6,"15":6,"16":6,"17":6,"18":1,"19":5,"20":1,"21":4,"22":2},"f":{"0":8,"1":6},"b":{"0":[1],"1":[6,2],"2":[1]}}
,"/Users/aleksejmakovej/Desktop/test-task/pokemon-viewer/src/store/store.ts": {"path":"/Users/aleksejmakovej/Desktop/test-task/pokemon-viewer/src/store/store.ts","statementMap":{"0":{"start":{"line":1,"column":0},"end":{"line":1,"column":67}},"1":{"start":{"line":2,"column":0},"end":{"line":2,"column":60}},"2":{"start":{"line":4,"column":0},"end":{"line":6,"column":1}},"3":{"start":{"line":5,"column":2},"end":{"line":5,"column":75}},"4":{"start":{"line":8,"column":20},"end":{"line":10,"column":2}},"5":{"start":{"line":12,"column":26},"end":{"line":19,"column":1}},"6":{"start":{"line":13,"column":2},"end":{"line":18,"column":5}},"7":{"start":{"line":17,"column":6},"end":{"line":17,"column":58}},"8":{"start":{"line":12,"column":13},"end":{"line":12,"column":26}}},"fnMap":{"0":{"name":"(anonymous_0)","decl":{"start":{"line":12,"column":26},"end":{"line":12,"column":29}},"loc":{"start":{"line":12,"column":31},"end":{"line":19,"column":1}}},"1":{"name":"(anonymous_1)","decl":{"start":{"line":15,"column":16},"end":{"line":15,"column":17}},"loc":{"start":{"line":17,"column":6},"end":{"line":17,"column":58}}}},"branchMap":{"0":{"loc":{"start":{"line":4,"column":0},"end":{"line":6,"column":1}},"type":"if","locations":[{"start":{"line":4,"column":0},"end":{"line":6,"column":1}}]},"1":{"loc":{"start":{"line":4,"column":4},"end":{"line":4,"column":42}},"type":"binary-expr","locations":[{"start":{"line":4,"column":4},"end":{"line":4,"column":15}},{"start":{"line":4,"column":19},"end":{"line":4,"column":42}}]}},"s":{"0":8,"1":8,"2":8,"3":0,"4":8,"5":8,"6":55,"7":55,"8":8},"f":{"0":55,"1":55},"b":{"0":[0],"1":[8,8]}}
,"/Users/aleksejmakovej/Desktop/test-task/pokemon-viewer/src/store/slices/pokemon/pokemon.ts": {"path":"/Users/aleksejmakovej/Desktop/test-task/pokemon-viewer/src/store/slices/pokemon/pokemon.ts","statementMap":{"0":{"start":{"line":1,"column":0},"end":{"line":1,"column":73}},"1":{"start":{"line":11,"column":17},"end":{"line":11,"column":45}},"2":{"start":{"line":13,"column":13},"end":{"line":72,"column":3}},"3":{"start":{"line":19,"column":6},"end":{"line":19,"column":48}},"4":{"start":{"line":20,"column":6},"end":{"line":20,"column":21}},"5":{"start":{"line":31,"column":27},"end":{"line":71,"column":4}},"6":{"start":{"line":33,"column":23},"end":{"line":33,"column":40}},"7":{"start":{"line":34,"column":47},"end":{"line":34,"column":78}},"8":{"start":{"line":41,"column":36},"end":{"line":41,"column":77}},"9":{"start":{"line":43,"column":8},"end":{"line":46,"column":10}},"10":{"start":{"line":51,"column":23},"end":{"line":51,"column":37}},"11":{"start":{"line":52,"column":47},"end":{"line":54,"column":null}},"12":{"start":{"line":58,"column":23},"end":{"line":58,"column":48}},"13":{"start":{"line":59,"column":47},"end":{"line":61,"column":null}},"14":{"start":{"line":68,"column":21},"end":{"line":68,"column":44}},"15":{"start":{"line":69,"column":45},"end":{"line":69,"column":77}},"16":{"start":{"line":75,"column":2},"end":{"line":81,"column":15}}},"fnMap":{"0":{"name":"(anonymous_0)","decl":{"start":{"line":18,"column":20},"end":{"line":18,"column":21}},"loc":{"start":{"line":18,"column":32},"end":{"line":21,"column":5}}},"1":{"name":"(anonymous_1)","decl":{"start":{"line":31,"column":13},"end":{"line":31,"column":14}},"loc":{"start":{"line":31,"column":27},"end":{"line":71,"column":4}}},"2":{"name":"(anonymous_2)","decl":{"start":{"line":33,"column":13},"end":{"line":33,"column":14}},"loc":{"start":{"line":33,"column":23},"end":{"line":33,"column":40}}},"3":{"name":"(anonymous_3)","decl":{"start":{"line":34,"column":20},"end":{"line":34,"column":21}},"loc":{"start":{"line":34,"column":47},"end":{"line":34,"column":78}}},"4":{"name":"(anonymous_4)","decl":{"start":{"line":41,"column":13},"end":{"line":41,"column":14}},"loc":{"start":{"line":41,"column":36},"end":{"line":41,"column":77}}},"5":{"name":"(anonymous_5)","decl":{"start":{"line":42,"column":25},"end":{"line":42,"column":26}},"loc":{"start":{"line":42,"column":51},"end":{"line":47,"column":7}}},"6":{"name":"(anonymous_6)","decl":{"start":{"line":51,"column":13},"end":{"line":51,"column":14}},"loc":{"start":{"line":51,"column":23},"end":{"line":51,"column":37}}},"7":{"name":"(anonymous_7)","decl":{"start":{"line":52,"column":20},"end":{"line":52,"column":21}},"loc":{"start":{"line":52,"column":47},"end":{"line":54,"column":null}}},"8":{"name":"(anonymous_8)","decl":{"start":{"line":58,"column":13},"end":{"line":58,"column":14}},"loc":{"start":{"line":58,"column":23},"end":{"line":58,"column":48}}},"9":{"name":"(anonymous_9)","decl":{"start":{"line":59,"column":20},"end":{"line":59,"column":21}},"loc":{"start":{"line":59,"column":47},"end":{"line":61,"column":null}}},"10":{"name":"(anonymous_10)","decl":{"start":{"line":68,"column":13},"end":{"line":68,"column":14}},"loc":{"start":{"line":68,"column":21},"end":{"line":68,"column":44}}},"11":{"name":"(anonymous_11)","decl":{"start":{"line":69,"column":20},"end":{"line":69,"column":21}},"loc":{"start":{"line":69,"column":45},"end":{"line":69,"column":77}}}},"branchMap":{},"s":{"0":9,"1":9,"2":9,"3":0,"4":0,"5":9,"6":15,"7":15,"8":0,"9":0,"10":0,"11":0,"12":0,"13":0,"14":0,"15":0,"16":9},"f":{"0":0,"1":9,"2":15,"3":15,"4":0,"5":0,"6":0,"7":0,"8":0,"9":0,"10":0,"11":0},"b":{}}
,"/Users/aleksejmakovej/Desktop/test-task/pokemon-viewer/src/test/server/index.ts": {"path":"/Users/aleksejmakovej/Desktop/test-task/pokemon-viewer/src/test/server/index.ts","statementMap":{"0":{"start":{"line":1,"column":0},"end":{"line":1,"column":39}},"1":{"start":{"line":2,"column":0},"end":{"line":2,"column":45}},"2":{"start":{"line":4,"column":15},"end":{"line":4,"column":39}},"3":{"start":{"line":6,"column":9},"end":{"line":6,"column":15}}},"fnMap":{},"branchMap":{},"s":{"0":8,"1":8,"2":8,"3":8},"f":{},"b":{}}
,"/Users/aleksejmakovej/Desktop/test-task/pokemon-viewer/src/test/server/server-handlers.ts": {"path":"/Users/aleksejmakovej/Desktop/test-task/pokemon-viewer/src/test/server/server-handlers.ts","statementMap":{"0":{"start":{"line":1,"column":0},"end":{"line":1,"column":27}},"1":{"start":{"line":3,"column":20},"end":{"line":3,"column":47}},"2":{"start":{"line":4,"column":24},"end":{"line":4,"column":72}},"3":{"start":{"line":5,"column":24},"end":{"line":5,"column":66}},"4":{"start":{"line":6,"column":27},"end":{"line":6,"column":75}},"5":{"start":{"line":7,"column":27},"end":{"line":7,"column":56}},"6":{"start":{"line":9,"column":17},"end":{"line":43,"column":2}},"7":{"start":{"line":11,"column":28},"end":{"line":19,"column":6}},"8":{"start":{"line":20,"column":4},"end":{"line":20,"column":42}},"9":{"start":{"line":23,"column":4},"end":{"line":23,"column":38}},"10":{"start":{"line":26,"column":4},"end":{"line":26,"column":42}},"11":{"start":{"line":29,"column":4},"end":{"line":29,"column":42}},"12":{"start":{"line":34,"column":6},"end":{"line":34,"column":47}},"13":{"start":{"line":40,"column":6},"end":{"line":40,"column":47}},"14":{"start":{"line":45,"column":9},"end":{"line":45,"column":17}}},"fnMap":{"0":{"name":"(anonymous_0)","decl":{"start":{"line":10,"column":58},"end":{"line":10,"column":59}},"loc":{"start":{"line":10,"column":74},"end":{"line":21,"column":3}}},"1":{"name":"(anonymous_1)","decl":{"start":{"line":22,"column":54},"end":{"line":22,"column":59}},"loc":{"start":{"line":22,"column":76},"end":{"line":24,"column":3}}},"2":{"name":"(anonymous_2)","decl":{"start":{"line":25,"column":48},"end":{"line":25,"column":53}},"loc":{"start":{"line":25,"column":70},"end":{"line":27,"column":3}}},"3":{"name":"(anonymous_3)","decl":{"start":{"line":28,"column":51},"end":{"line":28,"column":56}},"loc":{"start":{"line":28,"column":73},"end":{"line":30,"column":3}}},"4":{"name":"(anonymous_4)","decl":{"start":{"line":33,"column":4},"end":{"line":33,"column":9}},"loc":{"start":{"line":33,"column":26},"end":{"line":35,"column":5}}},"5":{"name":"(anonymous_5)","decl":{"start":{"line":39,"column":4},"end":{"line":39,"column":9}},"loc":{"start":{"line":39,"column":26},"end":{"line":41,"column":5}}}},"branchMap":{},"s":{"0":8,"1":8,"2":8,"3":8,"4":8,"5":8,"6":8,"7":0,"8":0,"9":0,"10":0,"11":0,"12":0,"13":0,"14":8},"f":{"0":0,"1":0,"2":0,"3":0,"4":0,"5":0},"b":{}}
,"/Users/aleksejmakovej/Desktop/test-task/pokemon-viewer/src/test/utils/index.tsx": {"path":"/Users/aleksejmakovej/Desktop/test-task/pokemon-viewer/src/test/utils/index.tsx","statementMap":{"0":{"start":{"line":21,"column":9},"end":{"line":21,"column":28}},"1":{"start":{"line":1,"column":0},"end":{"line":1,"column":48}},"2":{"start":{"line":4,"column":0},"end":{"line":4,"column":39}},"3":{"start":{"line":5,"column":0},"end":{"line":5,"column":53}},"4":{"start":{"line":16,"column":4},"end":{"line":16,"column":57}},"5":{"start":{"line":18,"column":2},"end":{"line":18,"column":74}}},"fnMap":{"0":{"name":"renderWithProviders","decl":{"start":{"line":11,"column":9},"end":{"line":11,"column":28}},"loc":{"start":{"line":13,"column":72},"end":{"line":19,"column":1}}},"1":{"name":"Wrapper","decl":{"start":{"line":15,"column":11},"end":{"line":15,"column":18}},"loc":{"start":{"line":15,"column":54},"end":{"line":17,"column":3}}}},"branchMap":{"0":{"loc":{"start":{"line":13,"column":2},"end":{"line":13,"column":72}},"type":"default-arg","locations":[{"start":{"line":13,"column":70},"end":{"line":13,"column":72}}]},"1":{"loc":{"start":{"line":13,"column":4},"end":{"line":13,"column":24}},"type":"default-arg","locations":[{"start":{"line":13,"column":12},"end":{"line":13,"column":24}}]}},"s":{"0":3,"1":3,"2":3,"3":3,"4":13,"5":13},"f":{"0":13,"1":13},"b":{"0":[13],"1":[13]}}
,"/Users/aleksejmakovej/Desktop/test-task/pokemon-viewer/src/utils/calculate-height.ts": {"path":"/Users/aleksejmakovej/Desktop/test-task/pokemon-viewer/src/utils/calculate-height.ts","statementMap":{"0":{"start":{"line":1,"column":31},"end":{"line":11,"column":1}},"1":{"start":{"line":2,"column":2},"end":{"line":4,"column":3}},"2":{"start":{"line":3,"column":4},"end":{"line":3,"column":21}},"3":{"start":{"line":6,"column":22},"end":{"line":6,"column":36}},"4":{"start":{"line":7,"column":15},"end":{"line":7,"column":43}},"5":{"start":{"line":8,"column":17},"end":{"line":8,"column":45}},"6":{"start":{"line":10,"column":2},"end":{"line":10,"column":33}},"7":{"start":{"line":1,"column":13},"end":{"line":1,"column":31}}},"fnMap":{"0":{"name":"(anonymous_0)","decl":{"start":{"line":1,"column":31},"end":{"line":1,"column":32}},"loc":{"start":{"line":1,"column":58},"end":{"line":11,"column":1}}}},"branchMap":{"0":{"loc":{"start":{"line":2,"column":2},"end":{"line":4,"column":3}},"type":"if","locations":[{"start":{"line":2,"column":2},"end":{"line":4,"column":3}}]},"1":{"loc":{"start":{"line":2,"column":6},"end":{"line":2,"column":45}},"type":"binary-expr","locations":[{"start":{"line":2,"column":6},"end":{"line":2,"column":26}},{"start":{"line":2,"column":30},"end":{"line":2,"column":45}}]}},"s":{"0":4,"1":16,"2":2,"3":14,"4":14,"5":14,"6":14,"7":4},"f":{"0":16},"b":{"0":[2],"1":[16,15]}}
,"/Users/aleksejmakovej/Desktop/test-task/pokemon-viewer/src/utils/calculate-weight.ts": {"path":"/Users/aleksejmakovej/Desktop/test-task/pokemon-viewer/src/utils/calculate-weight.ts","statementMap":{"0":{"start":{"line":1,"column":31},"end":{"line":11,"column":1}},"1":{"start":{"line":2,"column":20},"end":{"line":2,"column":23}},"2":{"start":{"line":3,"column":21},"end":{"line":3,"column":28}},"3":{"start":{"line":5,"column":2},"end":{"line":7,"column":3}},"4":{"start":{"line":6,"column":4},"end":{"line":6,"column":15}},"5":{"start":{"line":9,"column":22},"end":{"line":9,"column":57}},"6":{"start":{"line":10,"column":2},"end":{"line":10,"column":44}},"7":{"start":{"line":1,"column":13},"end":{"line":1,"column":31}}},"fnMap":{"0":{"name":"(anonymous_0)","decl":{"start":{"line":1,"column":31},"end":{"line":1,"column":32}},"loc":{"start":{"line":1,"column":62},"end":{"line":11,"column":1}}}},"branchMap":{"0":{"loc":{"start":{"line":5,"column":2},"end":{"line":7,"column":3}},"type":"if","locations":[{"start":{"line":5,"column":2},"end":{"line":7,"column":3}}]},"1":{"loc":{"start":{"line":5,"column":6},"end":{"line":5,"column":53}},"type":"binary-expr","locations":[{"start":{"line":5,"column":6},"end":{"line":5,"column":30}},{"start":{"line":5,"column":34},"end":{"line":5,"column":53}}]}},"s":{"0":4,"1":20,"2":20,"3":20,"4":2,"5":18,"6":18,"7":4},"f":{"0":20},"b":{"0":[2],"1":[20,19]}}
,"/Users/aleksejmakovej/Desktop/test-task/pokemon-viewer/src/utils/config.ts": {"path":"/Users/aleksejmakovej/Desktop/test-task/pokemon-viewer/src/utils/config.ts","statementMap":{"0":{"start":{"line":3,"column":13},"end":{"line":7,"column":2}},"1":{"start":{"line":13,"column":13},"end":{"line":33,"column":2}}},"fnMap":{},"branchMap":{},"s":{"0":4,"1":4},"f":{},"b":{}}
}
