TN:
SF:src/components/pokemon-image/pokemon-image.tsx
FN:4,(anonymous_0)
FNF:1
FNH:1
FNDA:38,(anonymous_0)
DA:2,4
DA:4,4
DA:5,38
DA:7,7
LF:4
LH:4
BRDA:5,0,0,31
BRDA:11,1,0,7
BRDA:11,1,1,1
BRF:3
BRH:3
end_of_record
TN:
SF:src/components/single-pokemon/pokemon-description/pokemon-description.tsx
FN:7,(anonymous_0)
FNF:1
FNH:1
FNDA:7,(anonymous_0)
DA:1,3
DA:3,3
DA:4,3
DA:5,3
DA:7,3
DA:8,7
DA:11,7
DA:13,6
LF:8
LH:8
BRDA:11,0,0,1
BRF:1
BRH:1
end_of_record
TN:
SF:src/components/single-pokemon/pokemon-evolutions/pokemon-evolutions.tsx
FN:9,(anonymous_0)
FN:23,(anonymous_1)
FN:44,(anonymous_2)
FN:97,(anonymous_3)
FNF:4
FNH:3
FNDA:30,(anonymous_0)
FNDA:0,(anonymous_1)
FNDA:6,(anonymous_2)
FNDA:15,(anonymous_3)
DA:1,2
DA:2,2
DA:3,2
DA:5,2
DA:6,2
DA:7,2
DA:9,2
DA:16,30
DA:17,30
DA:21,30
DA:24,0
DA:44,2
DA:49,6
DA:50,6
DA:52,6
DA:53,1
DA:60,5
DA:61,5
DA:66,5
DA:68,5
DA:72,5
DA:98,15
LF:22
LH:21
BRDA:17,0,0,30
BRDA:17,0,1,0
BRDA:32,1,0,10
BRDA:32,1,1,20
BRDA:52,2,0,1
BRDA:87,3,0,5
BRDA:87,3,1,0
BRF:7
BRH:5
end_of_record
TN:
SF:src/components/single-pokemon/pokemon-type/pokemon-type.tsx
FN:7,(anonymous_0)
FN:24,(anonymous_1)
FN:45,(anonymous_2)
FNF:3
FNH:3
FNDA:34,(anonymous_0)
FNDA:4,(anonymous_1)
FNDA:4,(anonymous_2)
DA:1,2
DA:2,2
DA:4,2
DA:5,2
DA:7,2
DA:8,34
DA:9,34
DA:11,4
DA:25,4
DA:46,4
LF:10
LH:10
BRDA:9,0,0,30
BRDA:20,1,0,4
BRDA:20,1,1,4
BRDA:24,2,0,4
BRDA:24,2,1,0
BRDA:29,3,0,4
BRDA:29,3,1,3
BRDA:29,3,2,1
BRDA:37,4,0,4
BRDA:37,4,1,0
BRDA:41,5,0,4
BRDA:41,5,1,4
BRDA:45,6,0,4
BRDA:45,6,1,0
BRDA:50,7,0,4
BRDA:50,7,1,4
BRDA:50,7,2,0
BRDA:55,8,0,4
BRDA:55,8,1,0
BRF:19
BRH:14
end_of_record
TN:
SF:src/components/single-pokemon/stat-chart/stat-chart.tsx
FN:4,(anonymous_0)
FN:16,(anonymous_1)
FN:78,(anonymous_2)
FNF:3
FNH:3
FNDA:288,(anonymous_0)
FNDA:24,(anonymous_1)
FNDA:4,(anonymous_2)
DA:1,2
DA:4,288
DA:16,2
DA:17,24
DA:18,24
DA:19,24
DA:21,24
DA:23,24
DA:78,2
DA:79,4
LF:10
LH:10
BRDA:17,0,0,24
BRDA:17,0,1,0
BRDA:18,1,0,24
BRDA:18,1,1,0
BRDA:73,2,0,24
BRDA:73,2,1,0
BRF:6
BRH:3
end_of_record
TN:
SF:src/hooks/use-get-pokemon.tsx
FN:15,(anonymous_0)
FN:19,(anonymous_1)
FN:23,(anonymous_2)
FN:55,(anonymous_3)
FN:68,(anonymous_4)
FN:74,(anonymous_5)
FN:81,(anonymous_6)
FN:83,(anonymous_7)
FN:89,(anonymous_8)
FNF:9
FNH:9
FNDA:5,(anonymous_0)
FNDA:2,(anonymous_1)
FNDA:8,(anonymous_2)
FNDA:8,(anonymous_3)
FNDA:5,(anonymous_4)
FNDA:5,(anonymous_5)
FNDA:5,(anonymous_6)
FNDA:5,(anonymous_7)
FNDA:5,(anonymous_8)
DA:1,3
DA:13,3
DA:15,3
DA:16,5
DA:18,2
DA:19,2
DA:23,3
DA:24,8
DA:25,8
DA:26,8
DA:29,8
DA:37,8
DA:41,8
DA:48,8
DA:55,8
DA:56,8
DA:57,3
DA:61,8
DA:68,8
DA:69,5
DA:70,3
DA:74,8
DA:75,5
DA:76,2
DA:81,8
DA:83,8
DA:84,5
DA:85,3
DA:89,8
DA:90,5
DA:91,2
DA:95,8
LF:32
LH:32
BRDA:16,0,0,3
BRDA:37,1,0,8
BRDA:37,1,1,0
BRDA:42,2,0,8
BRDA:42,2,1,2
BRDA:49,3,0,8
BRDA:49,3,1,2
BRDA:56,4,0,3
BRDA:57,5,0,3
BRDA:57,5,1,0
BRDA:62,6,0,8
BRDA:62,6,1,5
BRDA:69,7,0,3
BRDA:70,8,0,3
BRDA:70,8,1,0
BRDA:75,9,0,2
BRDA:84,10,0,3
BRDA:90,11,0,2
BRDA:96,12,0,3
BRDA:96,12,1,5
BRF:20
BRH:17
end_of_record
TN:
SF:src/pages/pokedex/pokedex.tsx
FN:29,(anonymous_1)
FN:43,(anonymous_2)
FN:125,(anonymous_3)
FN:127,(anonymous_4)
FN:129,(anonymous_5)
FN:177,(anonymous_6)
FN:192,(anonymous_7)
FN:255,(anonymous_8)
FNF:8
FNH:6
FNDA:6,(anonymous_1)
FNDA:6,(anonymous_2)
FNDA:0,(anonymous_3)
FNDA:13,(anonymous_4)
FNDA:1,(anonymous_5)
FNDA:6,(anonymous_6)
FNDA:0,(anonymous_7)
FNDA:1,(anonymous_8)
DA:1,1
DA:14,1
DA:16,1
DA:17,1
DA:22,1
DA:24,1
DA:25,1
DA:26,1
DA:27,1
DA:29,6
DA:41,1
DA:43,1
DA:44,6
DA:45,6
DA:49,6
DA:51,6
DA:60,6
DA:69,6
DA:71,6
DA:73,6
DA:125,0
DA:128,13
DA:130,1
DA:131,1
DA:132,0
DA:182,6
DA:184,6
DA:192,0
DA:255,1
LF:29
LH:26
BRDA:125,0,0,0
BRDA:125,0,1,0
BRDA:131,1,0,0
BRDA:131,2,0,1
BRDA:131,2,1,1
BRDA:166,3,0,6
BRDA:166,3,1,1
BRDA:172,4,0,3
BRDA:172,4,1,3
BRDA:172,5,0,6
BRDA:172,5,1,5
BRDA:176,6,0,6
BRDA:176,6,1,6
BRDA:177,7,0,6
BRDA:177,7,1,3
BRDA:221,8,0,6
BRDA:221,8,1,0
BRDA:221,8,2,0
BRDA:221,8,3,0
BRDA:252,9,0,6
BRDA:252,9,1,4
BRDA:252,10,0,6
BRDA:252,10,1,3
BRDA:253,11,0,6
BRDA:253,11,1,6
BRF:25
BRH:19
end_of_record
TN:
SF:src/pages/single-pokemon/single-pokemon.tsx
FN:13,(anonymous_0)
FN:19,(anonymous_1)
FNF:2
FNH:2
FNDA:8,(anonymous_0)
FNDA:6,(anonymous_1)
DA:1,2
DA:2,2
DA:3,2
DA:4,2
DA:5,2
DA:6,2
DA:7,2
DA:8,2
DA:9,2
DA:10,2
DA:13,2
DA:16,8
DA:19,2
DA:20,6
DA:23,6
DA:25,6
DA:27,6
DA:28,1
DA:31,5
DA:32,1
DA:34,4
LF:21
LH:21
BRDA:27,0,0,1
BRDA:27,1,0,6
BRDA:27,1,1,2
BRDA:31,2,0,1
BRF:4
BRH:4
end_of_record
TN:
SF:src/store/store.ts
FN:12,(anonymous_0)
FN:15,(anonymous_1)
FNF:2
FNH:2
FNDA:55,(anonymous_0)
FNDA:55,(anonymous_1)
DA:1,8
DA:2,8
DA:4,8
DA:5,0
DA:8,8
DA:12,8
DA:13,55
DA:17,55
LF:8
LH:7
BRDA:4,0,0,0
BRDA:4,1,0,8
BRDA:4,1,1,8
BRF:3
BRH:2
end_of_record
TN:
SF:src/store/slices/pokemon/pokemon.ts
FN:18,(anonymous_0)
FN:31,(anonymous_1)
FN:33,(anonymous_2)
FN:34,(anonymous_3)
FN:41,(anonymous_4)
FN:42,(anonymous_5)
FN:51,(anonymous_6)
FN:52,(anonymous_7)
FN:58,(anonymous_8)
FN:59,(anonymous_9)
FN:68,(anonymous_10)
FN:69,(anonymous_11)
FNF:12
FNH:3
FNDA:0,(anonymous_0)
FNDA:9,(anonymous_1)
FNDA:15,(anonymous_2)
FNDA:15,(anonymous_3)
FNDA:0,(anonymous_4)
FNDA:0,(anonymous_5)
FNDA:0,(anonymous_6)
FNDA:0,(anonymous_7)
FNDA:0,(anonymous_8)
FNDA:0,(anonymous_9)
FNDA:0,(anonymous_10)
FNDA:0,(anonymous_11)
DA:1,9
DA:11,9
DA:13,9
DA:19,0
DA:20,0
DA:31,9
DA:33,15
DA:34,15
DA:41,0
DA:43,0
DA:51,0
DA:52,0
DA:58,0
DA:59,0
DA:68,0
DA:69,0
DA:75,9
LF:17
LH:7
BRF:0
BRH:0
end_of_record
TN:
SF:src/test/server/index.ts
FNF:0
FNH:0
DA:1,8
DA:2,8
DA:4,8
DA:6,8
LF:4
LH:4
BRF:0
BRH:0
end_of_record
TN:
SF:src/test/server/server-handlers.ts
FN:10,(anonymous_0)
FN:22,(anonymous_1)
FN:25,(anonymous_2)
FN:28,(anonymous_3)
FN:33,(anonymous_4)
FN:39,(anonymous_5)
FNF:6
FNH:0
FNDA:0,(anonymous_0)
FNDA:0,(anonymous_1)
FNDA:0,(anonymous_2)
FNDA:0,(anonymous_3)
FNDA:0,(anonymous_4)
FNDA:0,(anonymous_5)
DA:1,8
DA:3,8
DA:4,8
DA:5,8
DA:6,8
DA:7,8
DA:9,8
DA:11,0
DA:20,0
DA:23,0
DA:26,0
DA:29,0
DA:34,0
DA:40,0
DA:45,8
LF:15
LH:8
BRF:0
BRH:0
end_of_record
TN:
SF:src/test/utils/index.tsx
FN:11,renderWithProviders
FN:15,Wrapper
FNF:2
FNH:2
FNDA:13,renderWithProviders
FNDA:13,Wrapper
DA:1,3
DA:4,3
DA:5,3
DA:16,13
DA:18,13
DA:21,3
LF:6
LH:6
BRDA:13,0,0,13
BRDA:13,1,0,13
BRF:2
BRH:2
end_of_record
TN:
SF:src/utils/calculate-height.ts
FN:1,(anonymous_0)
FNF:1
FNH:1
FNDA:16,(anonymous_0)
DA:1,4
DA:2,16
DA:3,2
DA:6,14
DA:7,14
DA:8,14
DA:10,14
LF:7
LH:7
BRDA:2,0,0,2
BRDA:2,1,0,16
BRDA:2,1,1,15
BRF:3
BRH:3
end_of_record
TN:
SF:src/utils/calculate-weight.ts
FN:1,(anonymous_0)
FNF:1
FNH:1
FNDA:20,(anonymous_0)
DA:1,4
DA:2,20
DA:3,20
DA:5,20
DA:6,2
DA:9,18
DA:10,18
LF:7
LH:7
BRDA:5,0,0,2
BRDA:5,1,0,20
BRDA:5,1,1,19
BRF:3
BRH:3
end_of_record
TN:
SF:src/utils/config.ts
FNF:0
FNH:0
DA:3,4
DA:13,4
LF:2
LH:2
BRF:0
BRH:0
end_of_record
